<?xml version="1.0" encoding="UTF-8"?>
<!-- Generated by org.testng.reporters.JUnitReportReporter -->
<testsuite hostname="DESKTOP-KCQG3FK" name="com.globant.bootcamp.tae.Tema1ej4" tests="1" failures="0" timestamp="5 Apr 2016 14:35:00 GMT" time="17.612" errors="0">
  <testcase name="exercise02" time="17.612" classname="com.globant.bootcamp.tae.Tema1ej4"/>
</testsuite> <!-- com.globant.bootcamp.tae.Tema1ej4 -->
