<?xml version="1.0" encoding="UTF-8"?>
<!-- Generated by org.testng.reporters.JUnitReportReporter -->
<testsuite hostname="DESKTOP-KCQG3FK" name="com.globant.bootcamp.tae.Tema1ej3" tests="1" failures="0" timestamp="5 Apr 2016 15:24:25 GMT" time="20.997" errors="0">
  <testcase name="exercise02" time="20.997" classname="com.globant.bootcamp.tae.Tema1ej3"/>
</testsuite> <!-- com.globant.bootcamp.tae.Tema1ej3 -->
