<?xml version="1.0" encoding="UTF-8"?>
<!-- Generated by org.testng.reporters.JUnitReportReporter -->
<testsuite hostname="DESKTOP-KCQG3FK" name="com.globant.bootcamp.tae.App" tests="1" failures="0" timestamp="31 Mar 2016 15:12:00 GMT" time="10.907" errors="0">
  <testcase name="exercise01" time="10.907" classname="com.globant.bootcamp.tae.App"/>
</testsuite> <!-- com.globant.bootcamp.tae.App -->
